  CloseDevice.cpp
  ExecuteSchedule.cpp
  Init.cpp
  LaunchDevice.cpp
  Login.cpp
  main.cpp
  MainLineHard.cpp
  MainLineNormal.cpp
  MainLineVeryHard.cpp
  ReceiveGifts.cpp
  Store.cpp
  正在生成代码
  91 of 5370 functions ( 1.7%) were compiled, the rest were copied from previous compilation.
    0 functions were new in current compilation
    13 functions had inline decision re-evaluated but remain unchanged
  已完成代码的生成
  PCRDemo.vcxproj -> C:\Users\caiji\Desktop\OpenAR\build\PCRDemo\Release\PCRDemo.exe
  'pwsh.exe' 不是内部或外部命令，也不是可运行的程序
  或批处理文件。
  C:\Users\caiji\Desktop\OpenAR\res\pcr\activity_boss_hard.png
  C:\Users\caiji\Desktop\OpenAR\res\pcr\activity_boss_normal.png
  C:\Users\caiji\Desktop\OpenAR\res\pcr\activity_boss_veryhard.png
  C:\Users\caiji\Desktop\OpenAR\res\pcr\activity_level.png
  C:\Users\caiji\Desktop\OpenAR\res\pcr\adventure.png
  C:\Users\caiji\Desktop\OpenAR\res\pcr\all_off.png
  C:\Users\caiji\Desktop\OpenAR\res\pcr\all_on.png
  C:\Users\caiji\Desktop\OpenAR\res\pcr\auto_next_step.png
  C:\Users\caiji\Desktop\OpenAR\res\pcr\auto_run_off.png
  C:\Users\caiji\Desktop\OpenAR\res\pcr\auto_run_on.png
  C:\Users\caiji\Desktop\OpenAR\res\pcr\auto_run_stop.png
  C:\Users\caiji\Desktop\OpenAR\res\pcr\auto_schedule.png
  C:\Users\caiji\Desktop\OpenAR\res\pcr\auto_schedule_gray.png
  C:\Users\caiji\Desktop\OpenAR\res\pcr\battle_start.png
  C:\Users\caiji\Desktop\OpenAR\res\pcr\buy_all.png
  C:\Users\caiji\Desktop\OpenAR\res\pcr\cancel_all.png
  C:\Users\caiji\Desktop\OpenAR\res\pcr\cancel_all_check_off.png
  C:\Users\caiji\Desktop\OpenAR\res\pcr\cancel_all_check_on.png
  C:\Users\caiji\Desktop\OpenAR\res\pcr\challenge.png
  C:\Users\caiji\Desktop\OpenAR\res\pcr\close_white.png
  C:\Users\caiji\Desktop\OpenAR\res\pcr\common_off.png
  C:\Users\caiji\Desktop\OpenAR\res\pcr\common_on.png
  C:\Users\caiji\Desktop\OpenAR\res\pcr\confirm_blue.png
  C:\Users\caiji\Desktop\OpenAR\res\pcr\confirm_white.png
  C:\Users\caiji\Desktop\OpenAR\res\pcr\decision.png
  C:\Users\caiji\Desktop\OpenAR\res\pcr\download.png
  C:\Users\caiji\Desktop\OpenAR\res\pcr\download_sound.png
  C:\Users\caiji\Desktop\OpenAR\res\pcr\gift.png
  C:\Users\caiji\Desktop\OpenAR\res\pcr\gift_box.png
  C:\Users\caiji\Desktop\OpenAR\res\pcr\hard_lock.png
  C:\Users\caiji\Desktop\OpenAR\res\pcr\hard_off.png
  C:\Users\caiji\Desktop\OpenAR\res\pcr\hard_on.png
  C:\Users\caiji\Desktop\OpenAR\res\pcr\home_off.png
  C:\Users\caiji\Desktop\OpenAR\res\pcr\kokoro_in_schedule.png
  C:\Users\caiji\Desktop\OpenAR\res\pcr\level_search.png
  C:\Users\caiji\Desktop\OpenAR\res\pcr\lotion_off.png
  C:\Users\caiji\Desktop\OpenAR\res\pcr\lotion_on.png
  C:\Users\caiji\Desktop\OpenAR\res\pcr\main_line.png
  C:\Users\caiji\Desktop\OpenAR\res\pcr\menu.png
  C:\Users\caiji\Desktop\OpenAR\res\pcr\multi_drop.png
  C:\Users\caiji\Desktop\OpenAR\res\pcr\next_step.png
  C:\Users\caiji\Desktop\OpenAR\res\pcr\normal_off.png
  C:\Users\caiji\Desktop\OpenAR\res\pcr\normal_on.png
  C:\Users\caiji\Desktop\OpenAR\res\pcr\one_click_sweep.png
  C:\Users\caiji\Desktop\OpenAR\res\pcr\power_lack.png
  C:\Users\caiji\Desktop\OpenAR\res\pcr\receive_all.png
  C:\Users\caiji\Desktop\OpenAR\res\pcr\receive_all_gray.png
  C:\Users\caiji\Desktop\OpenAR\res\pcr\refining_stone_off.png
  C:\Users\caiji\Desktop\OpenAR\res\pcr\refining_stone_on.png
  C:\Users\caiji\Desktop\OpenAR\res\pcr\return_icon.png
  C:\Users\caiji\Desktop\OpenAR\res\pcr\schedule.png
  C:\Users\caiji\Desktop\OpenAR\res\pcr\search.png
  C:\Users\caiji\Desktop\OpenAR\res\pcr\select_all_gray.png
  C:\Users\caiji\Desktop\OpenAR\res\pcr\select_all_off.png
  C:\Users\caiji\Desktop\OpenAR\res\pcr\select_all_on.png
  C:\Users\caiji\Desktop\OpenAR\res\pcr\sift.png
  C:\Users\caiji\Desktop\OpenAR\res\pcr\skip.png
  C:\Users\caiji\Desktop\OpenAR\res\pcr\skip_over.png
  C:\Users\caiji\Desktop\OpenAR\res\pcr\skip_over_gray.png
  C:\Users\caiji\Desktop\OpenAR\res\pcr\store.png
  C:\Users\caiji\Desktop\OpenAR\res\pcr\store_icon.png
  C:\Users\caiji\Desktop\OpenAR\res\pcr\story_skip.png
  C:\Users\caiji\Desktop\OpenAR\res\pcr\sweep.png
  C:\Users\caiji\Desktop\OpenAR\res\pcr\veryhard.png
  C:\Users\caiji\Desktop\OpenAR\res\pcr\xuefei.png
  C:\Users\caiji\Desktop\OpenAR\res\test\1.png
  C:\Users\caiji\Desktop\OpenAR\res\test\2.png
  C:\Users\caiji\Desktop\OpenAR\res\test\ocr_test.png
  复制了 68 个文件
