c:\users\cjp\desktop\openar\build\arframework\debug\arframework.pdb
c:\users\cjp\desktop\openar\build\arframework\debug\arframework.idb
c:\users\cjp\desktop\openar\build\arframework\x64\debug\minilog.obj
c:\users\cjp\desktop\openar\build\arframework\x64\debug\templatematchpsr.obj
c:\users\cjp\desktop\openar\build\arframework\x64\debug\templatematchmpr.obj
c:\users\cjp\desktop\openar\build\arframework\x64\debug\prefixsumrecognition.obj
c:\users\cjp\desktop\openar\build\arframework\x64\debug\multipointsrecognition.obj
c:\users\cjp\desktop\openar\build\arframework\x64\debug\imagerecognition.obj
c:\users\cjp\desktop\openar\build\arframework\x64\debug\cudamultipointsrecognition.obj
c:\users\cjp\desktop\openar\build\arframework\x64\debug\mumudevicecontroller.obj
c:\users\cjp\desktop\openar\build\arframework\x64\debug\devicecontroller.obj
c:\users\cjp\desktop\openar\build\arframework\x64\debug\mumucontroller.obj
c:\users\cjp\desktop\openar\build\arframework\x64\debug\controller.obj
c:\users\cjp\desktop\openar\build\arframework\x64\debug\adbcontroller.obj
c:\users\cjp\desktop\openar\build\arframework\x64\debug\arjson.obj
c:\users\cjp\desktop\openar\build\arframework\x64\debug\ardata.obj
c:\users\cjp\desktop\openar\build\arframework\debug\arframework.lib
c:\users\cjp\desktop\openar\build\arframework\x64\debug\tesseractocr.obj
c:\users\cjp\desktop\openar\build\arframework\x64\debug\textmatchtesseractocr.obj
c:\users\cjp\desktop\openar\build\arframework\x64\debug\textrecognition.obj
c:\users\cjp\desktop\openar\build\arframework\x64\debug\arframework.tlog\cl.command.1.tlog
c:\users\cjp\desktop\openar\build\arframework\x64\debug\arframework.tlog\cl.items.tlog
c:\users\cjp\desktop\openar\build\arframework\x64\debug\arframework.tlog\cl.read.1.tlog
c:\users\cjp\desktop\openar\build\arframework\x64\debug\arframework.tlog\cl.write.1.tlog
c:\users\cjp\desktop\openar\build\arframework\x64\debug\arframework.tlog\lib-link.read.1.tlog
c:\users\cjp\desktop\openar\build\arframework\x64\debug\arframework.tlog\lib-link.write.1.tlog
c:\users\cjp\desktop\openar\build\arframework\x64\debug\arframework.tlog\lib.command.1.tlog
