  ARLauncher.vcxproj -> C:\Users\cjp\Desktop\OpenAR\build\ARLauncher\Debug\ARLauncher.exe
  C:\Users\cjp\Desktop\OpenAR\res\pcr\activity_boss_hard.png
  C:\Users\cjp\Desktop\OpenAR\res\pcr\activity_boss_normal.png
  C:\Users\cjp\Desktop\OpenAR\res\pcr\activity_boss_veryhard.png
  C:\Users\cjp\Desktop\OpenAR\res\pcr\activity_level.png
  C:\Users\cjp\Desktop\OpenAR\res\pcr\adventure.png
  C:\Users\cjp\Desktop\OpenAR\res\pcr\all_off.png
  C:\Users\cjp\Desktop\OpenAR\res\pcr\all_on.png
  C:\Users\cjp\Desktop\OpenAR\res\pcr\auto_next_step.png
  C:\Users\cjp\Desktop\OpenAR\res\pcr\auto_run_off.png
  C:\Users\cjp\Desktop\OpenAR\res\pcr\auto_run_on.png
  C:\Users\cjp\Desktop\OpenAR\res\pcr\auto_run_stop.png
  C:\Users\cjp\Desktop\OpenAR\res\pcr\auto_schedule.png
  C:\Users\cjp\Desktop\OpenAR\res\pcr\auto_schedule_gray.png
  C:\Users\cjp\Desktop\OpenAR\res\pcr\battle_start.png
  C:\Users\cjp\Desktop\OpenAR\res\pcr\buy_all.png
  C:\Users\cjp\Desktop\OpenAR\res\pcr\cancel_all.png
  C:\Users\cjp\Desktop\OpenAR\res\pcr\cancel_all_check_off.png
  C:\Users\cjp\Desktop\OpenAR\res\pcr\cancel_all_check_on.png
  C:\Users\cjp\Desktop\OpenAR\res\pcr\challenge.png
  C:\Users\cjp\Desktop\OpenAR\res\pcr\close_white.png
  C:\Users\cjp\Desktop\OpenAR\res\pcr\common_off.png
  C:\Users\cjp\Desktop\OpenAR\res\pcr\common_on.png
  C:\Users\cjp\Desktop\OpenAR\res\pcr\confirm_blue.png
  C:\Users\cjp\Desktop\OpenAR\res\pcr\confirm_white.png
  C:\Users\cjp\Desktop\OpenAR\res\pcr\decision.png
  C:\Users\cjp\Desktop\OpenAR\res\pcr\download.png
  C:\Users\cjp\Desktop\OpenAR\res\pcr\download_sound.png
  C:\Users\cjp\Desktop\OpenAR\res\pcr\gift.png
  C:\Users\cjp\Desktop\OpenAR\res\pcr\gift_box.png
  C:\Users\cjp\Desktop\OpenAR\res\pcr\hard_lock.png
  C:\Users\cjp\Desktop\OpenAR\res\pcr\hard_off.png
  C:\Users\cjp\Desktop\OpenAR\res\pcr\hard_on.png
  C:\Users\cjp\Desktop\OpenAR\res\pcr\home_off.png
  C:\Users\cjp\Desktop\OpenAR\res\pcr\kokoro_in_schedule.png
  C:\Users\cjp\Desktop\OpenAR\res\pcr\level_search.png
  C:\Users\cjp\Desktop\OpenAR\res\pcr\lotion_off.png
  C:\Users\cjp\Desktop\OpenAR\res\pcr\lotion_on.png
  C:\Users\cjp\Desktop\OpenAR\res\pcr\main_line.png
  C:\Users\cjp\Desktop\OpenAR\res\pcr\menu.png
  C:\Users\cjp\Desktop\OpenAR\res\pcr\multi_drop.png
  C:\Users\cjp\Desktop\OpenAR\res\pcr\next_step.png
  C:\Users\cjp\Desktop\OpenAR\res\pcr\normal_off.png
  C:\Users\cjp\Desktop\OpenAR\res\pcr\normal_on.png
  C:\Users\cjp\Desktop\OpenAR\res\pcr\one_click_sweep.png
  C:\Users\cjp\Desktop\OpenAR\res\pcr\power_lack.png
  C:\Users\cjp\Desktop\OpenAR\res\pcr\receive_all.png
  C:\Users\cjp\Desktop\OpenAR\res\pcr\receive_all_gray.png
  C:\Users\cjp\Desktop\OpenAR\res\pcr\refining_stone_off.png
  C:\Users\cjp\Desktop\OpenAR\res\pcr\refining_stone_on.png
  C:\Users\cjp\Desktop\OpenAR\res\pcr\return_icon.png
  C:\Users\cjp\Desktop\OpenAR\res\pcr\schedule.png
  C:\Users\cjp\Desktop\OpenAR\res\pcr\search.png
  C:\Users\cjp\Desktop\OpenAR\res\pcr\select_all_gray.png
  C:\Users\cjp\Desktop\OpenAR\res\pcr\select_all_off.png
  C:\Users\cjp\Desktop\OpenAR\res\pcr\select_all_on.png
  C:\Users\cjp\Desktop\OpenAR\res\pcr\sift.png
  C:\Users\cjp\Desktop\OpenAR\res\pcr\skip.png
  C:\Users\cjp\Desktop\OpenAR\res\pcr\skip_over.png
  C:\Users\cjp\Desktop\OpenAR\res\pcr\skip_over_gray.png
  C:\Users\cjp\Desktop\OpenAR\res\pcr\store.png
  C:\Users\cjp\Desktop\OpenAR\res\pcr\store_icon.png
  C:\Users\cjp\Desktop\OpenAR\res\pcr\story_skip.png
  C:\Users\cjp\Desktop\OpenAR\res\pcr\sweep.png
  C:\Users\cjp\Desktop\OpenAR\res\pcr\veryhard.png
  C:\Users\cjp\Desktop\OpenAR\res\pcr\xuefei.png
  C:\Users\cjp\Desktop\OpenAR\res\test\1.png
  C:\Users\cjp\Desktop\OpenAR\res\test\2.png
  C:\Users\cjp\Desktop\OpenAR\res\test\ocr_test.png
  复制了 68 个文件
  C:\Users\cjp\Desktop\OpenAR\TesseractOCRData\chi_sim.traineddata
  C:\Users\cjp\Desktop\OpenAR\TesseractOCRData\chi_sim_vert.traineddata
  C:\Users\cjp\Desktop\OpenAR\TesseractOCRData\eng.traineddata
  C:\Users\cjp\Desktop\OpenAR\TesseractOCRData\eng.user-patterns
  C:\Users\cjp\Desktop\OpenAR\TesseractOCRData\eng.user-words
  复制了 5 个文件
