c:\users\cjp\desktop\openar\build\arlauncher\debug\opencv_core4d.dll
c:\users\cjp\desktop\openar\build\arlauncher\debug\zlibd1.dll
c:\users\cjp\desktop\openar\build\arlauncher\debug\opencv_imgcodecs4d.dll
c:\users\cjp\desktop\openar\build\arlauncher\debug\opencv_imgproc4d.dll
c:\users\cjp\desktop\openar\build\arlauncher\debug\jpeg62.dll
c:\users\cjp\desktop\openar\build\arlauncher\debug\libwebpdecoder.dll
c:\users\cjp\desktop\openar\build\arlauncher\debug\libwebp.dll
c:\users\cjp\desktop\openar\build\arlauncher\debug\libsharpyuv.dll
c:\users\cjp\desktop\openar\build\arlauncher\debug\libpng16d.dll
c:\users\cjp\desktop\openar\build\arlauncher\debug\tiffd.dll
c:\users\cjp\desktop\openar\build\arlauncher\debug\liblzma.dll
c:\users\cjp\desktop\openar\build\arlauncher\x64\debug\vc143.pdb
c:\users\cjp\desktop\openar\build\arlauncher\x64\debug\vc143.idb
c:\users\cjp\desktop\openar\build\arlauncher\x64\debug\main.obj
c:\users\cjp\desktop\openar\build\arlauncher\x64\debug\arltasknode.obj
c:\users\cjp\desktop\openar\build\arlauncher\x64\debug\arlglobalparams.obj
c:\users\cjp\desktop\openar\build\arlauncher\x64\debug\arlpipline.obj
c:\users\cjp\desktop\openar\build\arlauncher\debug\arlauncher.exe
c:\users\cjp\desktop\openar\build\arlauncher\debug\arlauncher.pdb
c:\users\cjp\desktop\openar\build\arlauncher\x64\debug\arlauncher.ilk
c:\users\cjp\desktop\openar\build\arlauncher\x64\debug\arlauncher.tlog\arlauncher.write.1u.tlog
c:\users\cjp\desktop\openar\build\arlauncher\x64\debug\arlauncher.tlog\cl.command.1.tlog
c:\users\cjp\desktop\openar\build\arlauncher\x64\debug\arlauncher.tlog\cl.items.tlog
c:\users\cjp\desktop\openar\build\arlauncher\x64\debug\arlauncher.tlog\cl.read.1.tlog
c:\users\cjp\desktop\openar\build\arlauncher\x64\debug\arlauncher.tlog\cl.write.1.tlog
c:\users\cjp\desktop\openar\build\arlauncher\x64\debug\arlauncher.tlog\link.command.1.tlog
c:\users\cjp\desktop\openar\build\arlauncher\x64\debug\arlauncher.tlog\link.read.1.tlog
c:\users\cjp\desktop\openar\build\arlauncher\x64\debug\arlauncher.tlog\link.secondary.1.tlog
c:\users\cjp\desktop\openar\build\arlauncher\x64\debug\arlauncher.tlog\link.write.1.tlog
